c:\users\misha\source\repos\tableandtreelab\tableandtreelab\x64\release\vc143.pdb
c:\users\misha\source\repos\tableandtreelab\tableandtreelab\x64\release\umas.obj
c:\users\misha\source\repos\tableandtreelab\tableandtreelab\x64\release\tree.obj
c:\users\misha\source\repos\tableandtreelab\tableandtreelab\x64\release\table.obj
c:\users\misha\source\repos\tableandtreelab\tableandtreelab\x64\release\polinom.obj
c:\users\misha\source\repos\tableandtreelab\tableandtreelab\x64\release\mas.obj
c:\users\misha\source\repos\tableandtreelab\tableandtreelab\x64\release\list.obj
c:\users\misha\source\repos\tableandtreelab\tableandtreelab\x64\release\tableandtreelab.obj
c:\users\misha\source\repos\tableandtreelab\x64\release\tableandtreelab.exe
c:\users\misha\source\repos\tableandtreelab\x64\release\tableandtreelab.pdb
c:\users\misha\source\repos\tableandtreelab\tableandtreelab\x64\release\tableandtreelab.ipdb
c:\users\misha\source\repos\tableandtreelab\tableandtreelab\x64\release\tableandtreelab.iobj
c:\users\misha\source\repos\tableandtreelab\tableandtreelab\x64\release\tableandtreelab.tlog\cl.command.1.tlog
c:\users\misha\source\repos\tableandtreelab\tableandtreelab\x64\release\tableandtreelab.tlog\cl.items.tlog
c:\users\misha\source\repos\tableandtreelab\tableandtreelab\x64\release\tableandtreelab.tlog\cl.read.1.tlog
c:\users\misha\source\repos\tableandtreelab\tableandtreelab\x64\release\tableandtreelab.tlog\cl.write.1.tlog
c:\users\misha\source\repos\tableandtreelab\tableandtreelab\x64\release\tableandtreelab.tlog\link.command.1.tlog
c:\users\misha\source\repos\tableandtreelab\tableandtreelab\x64\release\tableandtreelab.tlog\link.read.1.tlog
c:\users\misha\source\repos\tableandtreelab\tableandtreelab\x64\release\tableandtreelab.tlog\link.secondary.1.tlog
c:\users\misha\source\repos\tableandtreelab\tableandtreelab\x64\release\tableandtreelab.tlog\link.write.1.tlog
